<?xml version="1.0" encoding="UTF-8"?>
<testng-results ignored="0" total="1" passed="1" failed="0" skipped="0">
  <reporter-output>
  </reporter-output>
  <suite started-at="2025-11-08T21:22:31 IST" name="DynamicSuite" finished-at="2025-11-08T21:22:54 IST" duration-ms="23058">
    <groups>
    </groups>
    <test started-at="2025-11-08T21:22:31 IST" name="DynamicTest" finished-at="2025-11-08T21:22:54 IST" duration-ms="23058">
      <class name="playwrightTrianing.ActionsTest">
        <test-method is-config="true" signature="beforeSuite()[pri:0, instance:playwrightTrianing.ActionsTest@29212831]" started-at="2025-11-08T21:22:31 IST" name="beforeSuite" finished-at="2025-11-08T21:22:31 IST" duration-ms="254" status="PASS">
          <reporter-output>
          </reporter-output>
        </test-method> <!-- beforeSuite -->
        <test-method is-config="true" signature="beforeTest()[pri:0, instance:playwrightTrianing.ActionsTest@29212831]" started-at="2025-11-08T21:22:31 IST" name="beforeTest" finished-at="2025-11-08T21:22:47 IST" duration-ms="15908" status="PASS">
          <reporter-output>
          </reporter-output>
        </test-method> <!-- beforeTest -->
        <test-method signature="keyboardAndTabActions()[pri:0, instance:playwrightTrianing.ActionsTest@29212831]" started-at="2025-11-08T21:22:47 IST" name="keyboardAndTabActions" finished-at="2025-11-08T21:22:53 IST" duration-ms="5381" status="PASS">
          <reporter-output>
          </reporter-output>
        </test-method> <!-- keyboardAndTabActions -->
        <test-method is-config="true" signature="afterTest()[pri:0, instance:playwrightTrianing.ActionsTest@29212831]" started-at="2025-11-08T21:22:53 IST" name="afterTest" finished-at="2025-11-08T21:22:54 IST" duration-ms="1636" status="PASS">
          <reporter-output>
          </reporter-output>
        </test-method> <!-- afterTest -->
        <test-method is-config="true" signature="afterSuite()[pri:0, instance:playwrightTrianing.ActionsTest@29212831]" started-at="2025-11-08T21:22:54 IST" name="afterSuite" finished-at="2025-11-08T21:22:54 IST" duration-ms="14" status="PASS">
          <reporter-output>
          </reporter-output>
        </test-method> <!-- afterSuite -->
      </class> <!-- playwrightTrianing.ActionsTest -->
    </test> <!-- DynamicTest -->
  </suite> <!-- DynamicSuite -->
</testng-results>
